<?xml version="1.0" encoding="UTF-8"?>
<testsuites name="POST" time="2.16" tests="4" failures="0" errors="0">
   <testsuite name="POST" tests="4" failures="0" errors="0" time="2.16" skipped="0" timestamp="17-10-2024T17:32:26" hostname="ghazalashahin - localhost" id="Test Suites/POST">
      <properties>
         <property name="deviceName" value=""/>
         <property name="devicePlatform"/>
         <property name="logFolder" value="/Users/ghazalashahin/Katalon Studio/API-Test/Reports/20241017_173221/POST/20241017_173222"/>
         <property name="logFiles" value="/Users/ghazalashahin/Katalon Studio/API-Test/Reports/20241017_173221/POST/20241017_173222/execution0.log"/>
         <property name="attachments" value=""/>
         <property name="hostName" value="ghazalashahin - localhost"/>
         <property name="hostAddress" value="127.0.0.1"/>
         <property name="os" value="Mac OS X 64bit"/>
         <property name="katalonVersion" value="9.7.2.223"/>
      </properties>
      <testcase name="Test Cases/CreateUser" time="0.852" classname="Test Cases/CreateUser" status="PASSED">
         <system-out><![CDATA[17-10-2024T17:32:26 - [TEST_CASE][PASSED] - Test Cases/CreateUser: Test Cases/CreateUser

17-10-2024T17:32:26 - [TEST_STEP][PASSED] - sendRequest(findTestObject("API/POST/CreateUser")): Send request successfully

17-10-2024T17:32:27 - [MESSAGE][INFO] - HAR: /Users/ghazalashahin/Katalon Studio/API-Test/Reports/20241017_173221/POST/20241017_173222/requests/main/0.har

17-10-2024T17:32:27 - [MESSAGE][PASSED] - Send request successfully]]></system-out>
         <system-err><![CDATA[]]></system-err>
      </testcase>
      <testcase name="Test Cases/UpdateUser" time="0.363" classname="Test Cases/UpdateUser" status="PASSED">
         <system-out><![CDATA[17-10-2024T17:32:27 - [TEST_CASE][PASSED] - Test Cases/UpdateUser: Test Cases/UpdateUser

17-10-2024T17:32:27 - [TEST_STEP][PASSED] - sendRequest(findTestObject("API/POST/UpdateUser")): Send request successfully

17-10-2024T17:32:27 - [MESSAGE][INFO] - HAR: /Users/ghazalashahin/Katalon Studio/API-Test/Reports/20241017_173221/POST/20241017_173222/requests/main/1.har

17-10-2024T17:32:27 - [MESSAGE][PASSED] - Send request successfully]]></system-out>
         <system-err><![CDATA[]]></system-err>
      </testcase>
      <testcase name="Test Cases/PatchUser" time="0.518" classname="Test Cases/PatchUser" status="PASSED">
         <system-out><![CDATA[17-10-2024T17:32:27 - [TEST_CASE][PASSED] - Test Cases/PatchUser: Test Cases/PatchUser

17-10-2024T17:32:27 - [TEST_STEP][PASSED] - sendRequest(findTestObject("API/POST/PatchUser")): Send request successfully

17-10-2024T17:32:28 - [MESSAGE][INFO] - HAR: /Users/ghazalashahin/Katalon Studio/API-Test/Reports/20241017_173221/POST/20241017_173222/requests/main/2.har

17-10-2024T17:32:28 - [MESSAGE][PASSED] - Send request successfully]]></system-out>
         <system-err><![CDATA[]]></system-err>
      </testcase>
      <testcase name="Test Cases/DeleteUser" time="0.374" classname="Test Cases/DeleteUser" status="PASSED">
         <system-out><![CDATA[17-10-2024T17:32:28 - [TEST_CASE][PASSED] - Test Cases/DeleteUser: Test Cases/DeleteUser

17-10-2024T17:32:28 - [TEST_STEP][PASSED] - sendRequest(findTestObject("API/POST/DeleteUser")): Send request successfully

17-10-2024T17:32:28 - [MESSAGE][INFO] - HAR: /Users/ghazalashahin/Katalon Studio/API-Test/Reports/20241017_173221/POST/20241017_173222/requests/main/3.har

17-10-2024T17:32:28 - [MESSAGE][PASSED] - Send request successfully]]></system-out>
         <system-err><![CDATA[]]></system-err>
      </testcase>
      <system-out><![CDATA[17-10-2024T17:32:26 - [TEST_SUITE][PASSED] - POST: Test Cases/DeleteUser]]></system-out>
      <system-err><![CDATA[]]></system-err>
   </testsuite>
</testsuites>
