<?xml version="1.0" encoding="UTF-8"?>
<testsuites name="New Postman Collection" time="1.895" tests="4" failures="0" errors="0">
   <testsuite name="New Postman Collection" tests="4" failures="0" errors="0" time="1.895" skipped="0" timestamp="17-10-2024T18:13:38" hostname="ghazalashahin - localhost" id="Test Suites/New Postman Collection">
      <properties>
         <property name="deviceName" value=""/>
         <property name="devicePlatform"/>
         <property name="logFolder" value="/Users/ghazalashahin/Katalon Studio/API-Test/Reports/20241017_181331/New Postman Collection/20241017_181331"/>
         <property name="logFiles" value="/Users/ghazalashahin/Katalon Studio/API-Test/Reports/20241017_181331/New Postman Collection/20241017_181331/execution0.log"/>
         <property name="attachments" value=""/>
         <property name="hostName" value="ghazalashahin - localhost"/>
         <property name="hostAddress" value="127.0.0.1"/>
         <property name="os" value="Mac OS X 64bit"/>
         <property name="katalonVersion" value="9.7.2.223"/>
      </properties>
      <testcase name="Test Cases/GETJson" time="1.06" classname="Test Cases/GETJson" status="PASSED">
         <system-out><![CDATA[17-10-2024T18:13:38 - [TEST_CASE][PASSED] - Test Cases/GETJson: Test Cases/GETJson

17-10-2024T18:13:38 - [TEST_STEP][PASSED] - sendRequest(findTestObject("NewCollection/Postman (1)/GET")): Send request successfully

17-10-2024T18:13:39 - [MESSAGE][INFO] - HAR: /Users/ghazalashahin/Katalon Studio/API-Test/Reports/20241017_181331/New Postman Collection/20241017_181331/requests/main/0.har

17-10-2024T18:13:39 - [MESSAGE][PASSED] - Send request successfully]]></system-out>
         <system-err><![CDATA[]]></system-err>
      </testcase>
      <testcase name="Test Cases/POSTJson" time="0.316" classname="Test Cases/POSTJson" status="PASSED">
         <system-out><![CDATA[17-10-2024T18:13:39 - [TEST_CASE][PASSED] - Test Cases/POSTJson: Test Cases/POSTJson

17-10-2024T18:13:39 - [TEST_STEP][PASSED] - sendRequest(findTestObject("NewCollection/Postman (1)/POST")): Send request successfully

17-10-2024T18:13:39 - [MESSAGE][INFO] - HAR: /Users/ghazalashahin/Katalon Studio/API-Test/Reports/20241017_181331/New Postman Collection/20241017_181331/requests/main/1.har

17-10-2024T18:13:39 - [MESSAGE][PASSED] - Send request successfully]]></system-out>
         <system-err><![CDATA[]]></system-err>
      </testcase>
      <testcase name="Test Cases/PUTJson" time="0.063" classname="Test Cases/PUTJson" status="PASSED">
         <system-out><![CDATA[17-10-2024T18:13:39 - [TEST_CASE][PASSED] - Test Cases/PUTJson: Test Cases/PUTJson

17-10-2024T18:13:39 - [TEST_STEP][PASSED] - sendRequest(findTestObject("NewCollection/Postman (1)/PUT")): Send request successfully

17-10-2024T18:13:39 - [MESSAGE][INFO] - HAR: /Users/ghazalashahin/Katalon Studio/API-Test/Reports/20241017_181331/New Postman Collection/20241017_181331/requests/main/2.har

17-10-2024T18:13:39 - [MESSAGE][PASSED] - Send request successfully]]></system-out>
         <system-err><![CDATA[]]></system-err>
      </testcase>
      <testcase name="Test Cases/DeleteUser" time="0.412" classname="Test Cases/DeleteUser" status="PASSED">
         <system-out><![CDATA[17-10-2024T18:13:39 - [TEST_CASE][PASSED] - Test Cases/DeleteUser: Test Cases/DeleteUser

17-10-2024T18:13:39 - [TEST_STEP][PASSED] - sendRequest(findTestObject("API/POST/DeleteUser")): Send request successfully

17-10-2024T18:13:40 - [MESSAGE][INFO] - HAR: /Users/ghazalashahin/Katalon Studio/API-Test/Reports/20241017_181331/New Postman Collection/20241017_181331/requests/main/3.har

17-10-2024T18:13:40 - [MESSAGE][PASSED] - Send request successfully]]></system-out>
         <system-err><![CDATA[]]></system-err>
      </testcase>
      <system-out><![CDATA[17-10-2024T18:13:38 - [TEST_SUITE][PASSED] - New Postman Collection: Test Cases/DeleteUser]]></system-out>
      <system-err><![CDATA[]]></system-err>
   </testsuite>
</testsuites>
